The system is: Linux - 4.18.0-425.19.2.el8_7.x86_64 - x86_64
Compiling the C compiler identification source file "CMakeCCompilerId.c" succeeded.
Compiler: /sw/andes/gcc/9.3.0/bin/gcc 
Build flags: 
Id flags:  

The output was:
0


Compilation of the C compiler identification source "CMakeCCompilerId.c" produced "a.out"

The C compiler identification is GNU, found in "/lustre/orion/csc143/proj-shared/jwang/DNN_Mgard/ExternalDependencies/Multiprecision-data-refactoring/build/CMakeFiles/3.20.2/CompilerIdC/a.out"

Compiling the CXX compiler identification source file "CMakeCXXCompilerId.cpp" succeeded.
Compiler: /sw/andes/gcc/9.3.0/bin/g++ 
Build flags: 
Id flags:  

The output was:
0


Compilation of the CXX compiler identification source "CMakeCXXCompilerId.cpp" produced "a.out"

The CXX compiler identification is GNU, found in "/lustre/orion/csc143/proj-shared/jwang/DNN_Mgard/ExternalDependencies/Multiprecision-data-refactoring/build/CMakeFiles/3.20.2/CompilerIdCXX/a.out"

Detecting C compiler ABI info compiled with the following output:
Change Dir: /lustre/orion/csc143/proj-shared/jwang/DNN_Mgard/ExternalDependencies/Multiprecision-data-refactoring/build/CMakeFiles/CMakeTmp

Run Build Command(s):/usr/bin/gmake -f Makefile cmTC_45fbc/fast && /usr/bin/gmake  -f CMakeFiles/cmTC_45fbc.dir/build.make CMakeFiles/cmTC_45fbc.dir/build
gmake[1]: Entering directory '/lustre/orion/csc143/proj-shared/jwang/DNN_Mgard/ExternalDependencies/Multiprecision-data-refactoring/build/CMakeFiles/CMakeTmp'
Building C object CMakeFiles/cmTC_45fbc.dir/CMakeCCompilerABI.c.o
/sw/andes/gcc/9.3.0/bin/gcc   -v -o CMakeFiles/cmTC_45fbc.dir/CMakeCCompilerABI.c.o -c /usr/share/cmake/Modules/CMakeCCompilerABI.c
Using built-in specs.
COLLECT_GCC=/sw/andes/gcc/9.3.0/bin/gcc
Target: x86_64-pc-linux-gnu
Configured with: /sw/.testing/belhorn/andes-tmp/gcc-build-9.3.0-1/gcc-9.3.0/configure --prefix=/sw/andes/gcc/9.3.0 --enable-languages=c,c++,fortran,lto --disable-multilib CFLAGS=-m64
Thread model: posix
gcc version 9.3.0 (GCC) 
COLLECT_GCC_OPTIONS='-v' '-o' 'CMakeFiles/cmTC_45fbc.dir/CMakeCCompilerABI.c.o' '-c' '-mtune=generic' '-march=x86-64'
 /autofs/nccs-svm1_sw/andes/gcc/9.3.0/bin/../libexec/gcc/x86_64-pc-linux-gnu/9.3.0/cc1 -quiet -v -iprefix /autofs/nccs-svm1_sw/andes/gcc/9.3.0/bin/../lib/gcc/x86_64-pc-linux-gnu/9.3.0/ /usr/share/cmake/Modules/CMakeCCompilerABI.c -quiet -dumpbase CMakeCCompilerABI.c -mtune=generic -march=x86-64 -auxbase-strip CMakeFiles/cmTC_45fbc.dir/CMakeCCompilerABI.c.o -version -o /tmp/ccBnLVm8.s
GNU C17 (GCC) version 9.3.0 (x86_64-pc-linux-gnu)
	compiled by GNU C version 9.3.0, GMP version 6.1.0, MPFR version 3.1.4, MPC version 1.0.3, isl version isl-0.18-GMP

GGC heuristics: --param ggc-min-expand=100 --param ggc-min-heapsize=131072
ignoring nonexistent directory "/autofs/nccs-svm1_sw/andes/gcc/9.3.0/bin/../lib/gcc/x86_64-pc-linux-gnu/9.3.0/../../../../x86_64-pc-linux-gnu/include"
ignoring duplicate directory "/autofs/nccs-svm1_sw/andes/gcc/9.3.0/bin/../lib/gcc/../../lib/gcc/x86_64-pc-linux-gnu/9.3.0/include"
ignoring duplicate directory "/autofs/nccs-svm1_sw/andes/gcc/9.3.0/bin/../lib/gcc/../../lib/gcc/x86_64-pc-linux-gnu/9.3.0/include-fixed"
ignoring nonexistent directory "/autofs/nccs-svm1_sw/andes/gcc/9.3.0/bin/../lib/gcc/../../lib/gcc/x86_64-pc-linux-gnu/9.3.0/../../../../x86_64-pc-linux-gnu/include"
#include "..." search starts here:
#include <...> search starts here:
 /sw/andes/spack-envs/base/opt/linux-rhel8-x86_64/gcc-9.3.0/openmpi-4.0.4-skxqfeiocc5jtuw3y6dwtnxzzqjp5ffs/include
 /autofs/nccs-svm1_sw/andes/gcc/9.3.0/bin/../lib/gcc/x86_64-pc-linux-gnu/9.3.0/include
 /autofs/nccs-svm1_sw/andes/gcc/9.3.0/bin/../lib/gcc/x86_64-pc-linux-gnu/9.3.0/include-fixed
 /usr/local/include
 /autofs/nccs-svm1_sw/andes/gcc/9.3.0/bin/../lib/gcc/../../include
 /usr/include
End of search list.
GNU C17 (GCC) version 9.3.0 (x86_64-pc-linux-gnu)
	compiled by GNU C version 9.3.0, GMP version 6.1.0, MPFR version 3.1.4, MPC version 1.0.3, isl version isl-0.18-GMP

GGC heuristics: --param ggc-min-expand=100 --param ggc-min-heapsize=131072
Compiler executable checksum: d896638f46fac0c703c392e99b2f310c
COLLECT_GCC_OPTIONS='-v' '-o' 'CMakeFiles/cmTC_45fbc.dir/CMakeCCompilerABI.c.o' '-c' '-mtune=generic' '-march=x86-64'
 as -v --64 -o CMakeFiles/cmTC_45fbc.dir/CMakeCCompilerABI.c.o /tmp/ccBnLVm8.s
GNU assembler version 2.30 (x86_64-redhat-linux) using BFD version version 2.30-117.el8
COMPILER_PATH=/autofs/nccs-svm1_sw/andes/gcc/9.3.0/bin/../libexec/gcc/x86_64-pc-linux-gnu/9.3.0/:/autofs/nccs-svm1_sw/andes/gcc/9.3.0/bin/../libexec/gcc/
LIBRARY_PATH=/autofs/nccs-svm1_sw/andes/gcc/9.3.0/bin/../lib/gcc/x86_64-pc-linux-gnu/9.3.0/:/autofs/nccs-svm1_sw/andes/gcc/9.3.0/bin/../lib/gcc/:/autofs/nccs-svm1_sw/andes/gcc/9.3.0/bin/../lib/gcc/x86_64-pc-linux-gnu/9.3.0/../../../../lib64/:/lib/../lib64/:/usr/lib/../lib64/:/sw/andes/spack-envs/base/opt/linux-rhel8-x86_64/gcc-9.3.0/openmpi-4.0.4-skxqfeiocc5jtuw3y6dwtnxzzqjp5ffs/lib/:/autofs/nccs-svm1_sw/andes/gcc/9.3.0/bin/../lib/gcc/x86_64-pc-linux-gnu/9.3.0/../../../:/lib/:/usr/lib/
COLLECT_GCC_OPTIONS='-v' '-o' 'CMakeFiles/cmTC_45fbc.dir/CMakeCCompilerABI.c.o' '-c' '-mtune=generic' '-march=x86-64'
Linking C executable cmTC_45fbc
/usr/bin/cmake -E cmake_link_script CMakeFiles/cmTC_45fbc.dir/link.txt --verbose=1
/sw/andes/gcc/9.3.0/bin/gcc  -v -rdynamic CMakeFiles/cmTC_45fbc.dir/CMakeCCompilerABI.c.o -o cmTC_45fbc 
Using built-in specs.
COLLECT_GCC=/sw/andes/gcc/9.3.0/bin/gcc
COLLECT_LTO_WRAPPER=/autofs/nccs-svm1_sw/andes/gcc/9.3.0/bin/../libexec/gcc/x86_64-pc-linux-gnu/9.3.0/lto-wrapper
Target: x86_64-pc-linux-gnu
Configured with: /sw/.testing/belhorn/andes-tmp/gcc-build-9.3.0-1/gcc-9.3.0/configure --prefix=/sw/andes/gcc/9.3.0 --enable-languages=c,c++,fortran,lto --disable-multilib CFLAGS=-m64
Thread model: posix
gcc version 9.3.0 (GCC) 
COMPILER_PATH=/autofs/nccs-svm1_sw/andes/gcc/9.3.0/bin/../libexec/gcc/x86_64-pc-linux-gnu/9.3.0/:/autofs/nccs-svm1_sw/andes/gcc/9.3.0/bin/../libexec/gcc/
LIBRARY_PATH=/autofs/nccs-svm1_sw/andes/gcc/9.3.0/bin/../lib/gcc/x86_64-pc-linux-gnu/9.3.0/:/autofs/nccs-svm1_sw/andes/gcc/9.3.0/bin/../lib/gcc/:/autofs/nccs-svm1_sw/andes/gcc/9.3.0/bin/../lib/gcc/x86_64-pc-linux-gnu/9.3.0/../../../../lib64/:/lib/../lib64/:/usr/lib/../lib64/:/sw/andes/spack-envs/base/opt/linux-rhel8-x86_64/gcc-9.3.0/openmpi-4.0.4-skxqfeiocc5jtuw3y6dwtnxzzqjp5ffs/lib/:/autofs/nccs-svm1_sw/andes/gcc/9.3.0/bin/../lib/gcc/x86_64-pc-linux-gnu/9.3.0/../../../:/lib/:/usr/lib/
COLLECT_GCC_OPTIONS='-v' '-rdynamic' '-o' 'cmTC_45fbc' '-mtune=generic' '-march=x86-64'
 /autofs/nccs-svm1_sw/andes/gcc/9.3.0/bin/../libexec/gcc/x86_64-pc-linux-gnu/9.3.0/collect2 -plugin /autofs/nccs-svm1_sw/andes/gcc/9.3.0/bin/../libexec/gcc/x86_64-pc-linux-gnu/9.3.0/liblto_plugin.so -plugin-opt=/autofs/nccs-svm1_sw/andes/gcc/9.3.0/bin/../libexec/gcc/x86_64-pc-linux-gnu/9.3.0/lto-wrapper -plugin-opt=-fresolution=/tmp/ccL4wxpv.res -plugin-opt=-pass-through=-lgcc -plugin-opt=-pass-through=-lgcc_s -plugin-opt=-pass-through=-lc -plugin-opt=-pass-through=-lgcc -plugin-opt=-pass-through=-lgcc_s --eh-frame-hdr -m elf_x86_64 -export-dynamic -dynamic-linker /lib64/ld-linux-x86-64.so.2 -o cmTC_45fbc /lib/../lib64/crt1.o /lib/../lib64/crti.o /autofs/nccs-svm1_sw/andes/gcc/9.3.0/bin/../lib/gcc/x86_64-pc-linux-gnu/9.3.0/crtbegin.o -L/autofs/nccs-svm1_sw/andes/gcc/9.3.0/bin/../lib/gcc/x86_64-pc-linux-gnu/9.3.0 -L/autofs/nccs-svm1_sw/andes/gcc/9.3.0/bin/../lib/gcc -L/autofs/nccs-svm1_sw/andes/gcc/9.3.0/bin/../lib/gcc/x86_64-pc-linux-gnu/9.3.0/../../../../lib64 -L/lib/../lib64 -L/usr/lib/../lib64 -L/sw/andes/spack-envs/base/opt/linux-rhel8-x86_64/gcc-9.3.0/openmpi-4.0.4-skxqfeiocc5jtuw3y6dwtnxzzqjp5ffs/lib -L/autofs/nccs-svm1_sw/andes/gcc/9.3.0/bin/../lib/gcc/x86_64-pc-linux-gnu/9.3.0/../../.. CMakeFiles/cmTC_45fbc.dir/CMakeCCompilerABI.c.o -lgcc --push-state --as-needed -lgcc_s --pop-state -lc -lgcc --push-state --as-needed -lgcc_s --pop-state /autofs/nccs-svm1_sw/andes/gcc/9.3.0/bin/../lib/gcc/x86_64-pc-linux-gnu/9.3.0/crtend.o /lib/../lib64/crtn.o
COLLECT_GCC_OPTIONS='-v' '-rdynamic' '-o' 'cmTC_45fbc' '-mtune=generic' '-march=x86-64'
gmake[1]: Leaving directory '/lustre/orion/csc143/proj-shared/jwang/DNN_Mgard/ExternalDependencies/Multiprecision-data-refactoring/build/CMakeFiles/CMakeTmp'



Parsed C implicit include dir info from above output: rv=done
  found start of include info
  found start of implicit include info
    add: [/sw/andes/spack-envs/base/opt/linux-rhel8-x86_64/gcc-9.3.0/openmpi-4.0.4-skxqfeiocc5jtuw3y6dwtnxzzqjp5ffs/include]
    add: [/autofs/nccs-svm1_sw/andes/gcc/9.3.0/bin/../lib/gcc/x86_64-pc-linux-gnu/9.3.0/include]
    add: [/autofs/nccs-svm1_sw/andes/gcc/9.3.0/bin/../lib/gcc/x86_64-pc-linux-gnu/9.3.0/include-fixed]
    add: [/usr/local/include]
    add: [/autofs/nccs-svm1_sw/andes/gcc/9.3.0/bin/../lib/gcc/../../include]
    add: [/usr/include]
  end of search list found
  collapse include dir [/sw/andes/spack-envs/base/opt/linux-rhel8-x86_64/gcc-9.3.0/openmpi-4.0.4-skxqfeiocc5jtuw3y6dwtnxzzqjp5ffs/include] ==> [/sw/andes/spack-envs/base/opt/linux-rhel8-x86_64/gcc-9.3.0/openmpi-4.0.4-skxqfeiocc5jtuw3y6dwtnxzzqjp5ffs/include]
  collapse include dir [/autofs/nccs-svm1_sw/andes/gcc/9.3.0/bin/../lib/gcc/x86_64-pc-linux-gnu/9.3.0/include] ==> [/autofs/nccs-svm1_sw/andes/gcc/9.3.0/lib/gcc/x86_64-pc-linux-gnu/9.3.0/include]
  collapse include dir [/autofs/nccs-svm1_sw/andes/gcc/9.3.0/bin/../lib/gcc/x86_64-pc-linux-gnu/9.3.0/include-fixed] ==> [/autofs/nccs-svm1_sw/andes/gcc/9.3.0/lib/gcc/x86_64-pc-linux-gnu/9.3.0/include-fixed]
  collapse include dir [/usr/local/include] ==> [/usr/local/include]
  collapse include dir [/autofs/nccs-svm1_sw/andes/gcc/9.3.0/bin/../lib/gcc/../../include] ==> [/autofs/nccs-svm1_sw/andes/gcc/9.3.0/include]
  collapse include dir [/usr/include] ==> [/usr/include]
  implicit include dirs: [/sw/andes/spack-envs/base/opt/linux-rhel8-x86_64/gcc-9.3.0/openmpi-4.0.4-skxqfeiocc5jtuw3y6dwtnxzzqjp5ffs/include;/autofs/nccs-svm1_sw/andes/gcc/9.3.0/lib/gcc/x86_64-pc-linux-gnu/9.3.0/include;/autofs/nccs-svm1_sw/andes/gcc/9.3.0/lib/gcc/x86_64-pc-linux-gnu/9.3.0/include-fixed;/usr/local/include;/autofs/nccs-svm1_sw/andes/gcc/9.3.0/include;/usr/include]


Parsed C implicit link information from above output:
  link line regex: [^( *|.*[/\])(ld|CMAKE_LINK_STARTFILE-NOTFOUND|([^/\]+-)?ld|collect2)[^/\]*( |$)]
  ignore line: [Change Dir: /lustre/orion/csc143/proj-shared/jwang/DNN_Mgard/ExternalDependencies/Multiprecision-data-refactoring/build/CMakeFiles/CMakeTmp]
  ignore line: []
  ignore line: [Run Build Command(s):/usr/bin/gmake -f Makefile cmTC_45fbc/fast && /usr/bin/gmake  -f CMakeFiles/cmTC_45fbc.dir/build.make CMakeFiles/cmTC_45fbc.dir/build]
  ignore line: [gmake[1]: Entering directory '/lustre/orion/csc143/proj-shared/jwang/DNN_Mgard/ExternalDependencies/Multiprecision-data-refactoring/build/CMakeFiles/CMakeTmp']
  ignore line: [Building C object CMakeFiles/cmTC_45fbc.dir/CMakeCCompilerABI.c.o]
  ignore line: [/sw/andes/gcc/9.3.0/bin/gcc   -v -o CMakeFiles/cmTC_45fbc.dir/CMakeCCompilerABI.c.o -c /usr/share/cmake/Modules/CMakeCCompilerABI.c]
  ignore line: [Using built-in specs.]
  ignore line: [COLLECT_GCC=/sw/andes/gcc/9.3.0/bin/gcc]
  ignore line: [Target: x86_64-pc-linux-gnu]
  ignore line: [Configured with: /sw/.testing/belhorn/andes-tmp/gcc-build-9.3.0-1/gcc-9.3.0/configure --prefix=/sw/andes/gcc/9.3.0 --enable-languages=c c++ fortran lto --disable-multilib CFLAGS=-m64]
  ignore line: [Thread model: posix]
  ignore line: [gcc version 9.3.0 (GCC) ]
  ignore line: [COLLECT_GCC_OPTIONS='-v' '-o' 'CMakeFiles/cmTC_45fbc.dir/CMakeCCompilerABI.c.o' '-c' '-mtune=generic' '-march=x86-64']
  ignore line: [ /autofs/nccs-svm1_sw/andes/gcc/9.3.0/bin/../libexec/gcc/x86_64-pc-linux-gnu/9.3.0/cc1 -quiet -v -iprefix /autofs/nccs-svm1_sw/andes/gcc/9.3.0/bin/../lib/gcc/x86_64-pc-linux-gnu/9.3.0/ /usr/share/cmake/Modules/CMakeCCompilerABI.c -quiet -dumpbase CMakeCCompilerABI.c -mtune=generic -march=x86-64 -auxbase-strip CMakeFiles/cmTC_45fbc.dir/CMakeCCompilerABI.c.o -version -o /tmp/ccBnLVm8.s]
  ignore line: [GNU C17 (GCC) version 9.3.0 (x86_64-pc-linux-gnu)]
  ignore line: [	compiled by GNU C version 9.3.0  GMP version 6.1.0  MPFR version 3.1.4  MPC version 1.0.3  isl version isl-0.18-GMP]
  ignore line: []
  ignore line: [GGC heuristics: --param ggc-min-expand=100 --param ggc-min-heapsize=131072]
  ignore line: [ignoring nonexistent directory "/autofs/nccs-svm1_sw/andes/gcc/9.3.0/bin/../lib/gcc/x86_64-pc-linux-gnu/9.3.0/../../../../x86_64-pc-linux-gnu/include"]
  ignore line: [ignoring duplicate directory "/autofs/nccs-svm1_sw/andes/gcc/9.3.0/bin/../lib/gcc/../../lib/gcc/x86_64-pc-linux-gnu/9.3.0/include"]
  ignore line: [ignoring duplicate directory "/autofs/nccs-svm1_sw/andes/gcc/9.3.0/bin/../lib/gcc/../../lib/gcc/x86_64-pc-linux-gnu/9.3.0/include-fixed"]
  ignore line: [ignoring nonexistent directory "/autofs/nccs-svm1_sw/andes/gcc/9.3.0/bin/../lib/gcc/../../lib/gcc/x86_64-pc-linux-gnu/9.3.0/../../../../x86_64-pc-linux-gnu/include"]
  ignore line: [#include "..." search starts here:]
  ignore line: [#include <...> search starts here:]
  ignore line: [ /sw/andes/spack-envs/base/opt/linux-rhel8-x86_64/gcc-9.3.0/openmpi-4.0.4-skxqfeiocc5jtuw3y6dwtnxzzqjp5ffs/include]
  ignore line: [ /autofs/nccs-svm1_sw/andes/gcc/9.3.0/bin/../lib/gcc/x86_64-pc-linux-gnu/9.3.0/include]
  ignore line: [ /autofs/nccs-svm1_sw/andes/gcc/9.3.0/bin/../lib/gcc/x86_64-pc-linux-gnu/9.3.0/include-fixed]
  ignore line: [ /usr/local/include]
  ignore line: [ /autofs/nccs-svm1_sw/andes/gcc/9.3.0/bin/../lib/gcc/../../include]
  ignore line: [ /usr/include]
  ignore line: [End of search list.]
  ignore line: [GNU C17 (GCC) version 9.3.0 (x86_64-pc-linux-gnu)]
  ignore line: [	compiled by GNU C version 9.3.0  GMP version 6.1.0  MPFR version 3.1.4  MPC version 1.0.3  isl version isl-0.18-GMP]
  ignore line: []
  ignore line: [GGC heuristics: --param ggc-min-expand=100 --param ggc-min-heapsize=131072]
  ignore line: [Compiler executable checksum: d896638f46fac0c703c392e99b2f310c]
  ignore line: [COLLECT_GCC_OPTIONS='-v' '-o' 'CMakeFiles/cmTC_45fbc.dir/CMakeCCompilerABI.c.o' '-c' '-mtune=generic' '-march=x86-64']
  ignore line: [ as -v --64 -o CMakeFiles/cmTC_45fbc.dir/CMakeCCompilerABI.c.o /tmp/ccBnLVm8.s]
  ignore line: [GNU assembler version 2.30 (x86_64-redhat-linux) using BFD version version 2.30-117.el8]
  ignore line: [COMPILER_PATH=/autofs/nccs-svm1_sw/andes/gcc/9.3.0/bin/../libexec/gcc/x86_64-pc-linux-gnu/9.3.0/:/autofs/nccs-svm1_sw/andes/gcc/9.3.0/bin/../libexec/gcc/]
  ignore line: [LIBRARY_PATH=/autofs/nccs-svm1_sw/andes/gcc/9.3.0/bin/../lib/gcc/x86_64-pc-linux-gnu/9.3.0/:/autofs/nccs-svm1_sw/andes/gcc/9.3.0/bin/../lib/gcc/:/autofs/nccs-svm1_sw/andes/gcc/9.3.0/bin/../lib/gcc/x86_64-pc-linux-gnu/9.3.0/../../../../lib64/:/lib/../lib64/:/usr/lib/../lib64/:/sw/andes/spack-envs/base/opt/linux-rhel8-x86_64/gcc-9.3.0/openmpi-4.0.4-skxqfeiocc5jtuw3y6dwtnxzzqjp5ffs/lib/:/autofs/nccs-svm1_sw/andes/gcc/9.3.0/bin/../lib/gcc/x86_64-pc-linux-gnu/9.3.0/../../../:/lib/:/usr/lib/]
  ignore line: [COLLECT_GCC_OPTIONS='-v' '-o' 'CMakeFiles/cmTC_45fbc.dir/CMakeCCompilerABI.c.o' '-c' '-mtune=generic' '-march=x86-64']
  ignore line: [Linking C executable cmTC_45fbc]
  ignore line: [/usr/bin/cmake -E cmake_link_script CMakeFiles/cmTC_45fbc.dir/link.txt --verbose=1]
  ignore line: [/sw/andes/gcc/9.3.0/bin/gcc  -v -rdynamic CMakeFiles/cmTC_45fbc.dir/CMakeCCompilerABI.c.o -o cmTC_45fbc ]
  ignore line: [Using built-in specs.]
  ignore line: [COLLECT_GCC=/sw/andes/gcc/9.3.0/bin/gcc]
  ignore line: [COLLECT_LTO_WRAPPER=/autofs/nccs-svm1_sw/andes/gcc/9.3.0/bin/../libexec/gcc/x86_64-pc-linux-gnu/9.3.0/lto-wrapper]
  ignore line: [Target: x86_64-pc-linux-gnu]
  ignore line: [Configured with: /sw/.testing/belhorn/andes-tmp/gcc-build-9.3.0-1/gcc-9.3.0/configure --prefix=/sw/andes/gcc/9.3.0 --enable-languages=c c++ fortran lto --disable-multilib CFLAGS=-m64]
  ignore line: [Thread model: posix]
  ignore line: [gcc version 9.3.0 (GCC) ]
  ignore line: [COMPILER_PATH=/autofs/nccs-svm1_sw/andes/gcc/9.3.0/bin/../libexec/gcc/x86_64-pc-linux-gnu/9.3.0/:/autofs/nccs-svm1_sw/andes/gcc/9.3.0/bin/../libexec/gcc/]
  ignore line: [LIBRARY_PATH=/autofs/nccs-svm1_sw/andes/gcc/9.3.0/bin/../lib/gcc/x86_64-pc-linux-gnu/9.3.0/:/autofs/nccs-svm1_sw/andes/gcc/9.3.0/bin/../lib/gcc/:/autofs/nccs-svm1_sw/andes/gcc/9.3.0/bin/../lib/gcc/x86_64-pc-linux-gnu/9.3.0/../../../../lib64/:/lib/../lib64/:/usr/lib/../lib64/:/sw/andes/spack-envs/base/opt/linux-rhel8-x86_64/gcc-9.3.0/openmpi-4.0.4-skxqfeiocc5jtuw3y6dwtnxzzqjp5ffs/lib/:/autofs/nccs-svm1_sw/andes/gcc/9.3.0/bin/../lib/gcc/x86_64-pc-linux-gnu/9.3.0/../../../:/lib/:/usr/lib/]
  ignore line: [COLLECT_GCC_OPTIONS='-v' '-rdynamic' '-o' 'cmTC_45fbc' '-mtune=generic' '-march=x86-64']
  link line: [ /autofs/nccs-svm1_sw/andes/gcc/9.3.0/bin/../libexec/gcc/x86_64-pc-linux-gnu/9.3.0/collect2 -plugin /autofs/nccs-svm1_sw/andes/gcc/9.3.0/bin/../libexec/gcc/x86_64-pc-linux-gnu/9.3.0/liblto_plugin.so -plugin-opt=/autofs/nccs-svm1_sw/andes/gcc/9.3.0/bin/../libexec/gcc/x86_64-pc-linux-gnu/9.3.0/lto-wrapper -plugin-opt=-fresolution=/tmp/ccL4wxpv.res -plugin-opt=-pass-through=-lgcc -plugin-opt=-pass-through=-lgcc_s -plugin-opt=-pass-through=-lc -plugin-opt=-pass-through=-lgcc -plugin-opt=-pass-through=-lgcc_s --eh-frame-hdr -m elf_x86_64 -export-dynamic -dynamic-linker /lib64/ld-linux-x86-64.so.2 -o cmTC_45fbc /lib/../lib64/crt1.o /lib/../lib64/crti.o /autofs/nccs-svm1_sw/andes/gcc/9.3.0/bin/../lib/gcc/x86_64-pc-linux-gnu/9.3.0/crtbegin.o -L/autofs/nccs-svm1_sw/andes/gcc/9.3.0/bin/../lib/gcc/x86_64-pc-linux-gnu/9.3.0 -L/autofs/nccs-svm1_sw/andes/gcc/9.3.0/bin/../lib/gcc -L/autofs/nccs-svm1_sw/andes/gcc/9.3.0/bin/../lib/gcc/x86_64-pc-linux-gnu/9.3.0/../../../../lib64 -L/lib/../lib64 -L/usr/lib/../lib64 -L/sw/andes/spack-envs/base/opt/linux-rhel8-x86_64/gcc-9.3.0/openmpi-4.0.4-skxqfeiocc5jtuw3y6dwtnxzzqjp5ffs/lib -L/autofs/nccs-svm1_sw/andes/gcc/9.3.0/bin/../lib/gcc/x86_64-pc-linux-gnu/9.3.0/../../.. CMakeFiles/cmTC_45fbc.dir/CMakeCCompilerABI.c.o -lgcc --push-state --as-needed -lgcc_s --pop-state -lc -lgcc --push-state --as-needed -lgcc_s --pop-state /autofs/nccs-svm1_sw/andes/gcc/9.3.0/bin/../lib/gcc/x86_64-pc-linux-gnu/9.3.0/crtend.o /lib/../lib64/crtn.o]
    arg [/autofs/nccs-svm1_sw/andes/gcc/9.3.0/bin/../libexec/gcc/x86_64-pc-linux-gnu/9.3.0/collect2] ==> ignore
    arg [-plugin] ==> ignore
    arg [/autofs/nccs-svm1_sw/andes/gcc/9.3.0/bin/../libexec/gcc/x86_64-pc-linux-gnu/9.3.0/liblto_plugin.so] ==> ignore
    arg [-plugin-opt=/autofs/nccs-svm1_sw/andes/gcc/9.3.0/bin/../libexec/gcc/x86_64-pc-linux-gnu/9.3.0/lto-wrapper] ==> ignore
    arg [-plugin-opt=-fresolution=/tmp/ccL4wxpv.res] ==> ignore
    arg [-plugin-opt=-pass-through=-lgcc] ==> ignore
    arg [-plugin-opt=-pass-through=-lgcc_s] ==> ignore
    arg [-plugin-opt=-pass-through=-lc] ==> ignore
    arg [-plugin-opt=-pass-through=-lgcc] ==> ignore
    arg [-plugin-opt=-pass-through=-lgcc_s] ==> ignore
    arg [--eh-frame-hdr] ==> ignore
    arg [-m] ==> ignore
    arg [elf_x86_64] ==> ignore
    arg [-export-dynamic] ==> ignore
    arg [-dynamic-linker] ==> ignore
    arg [/lib64/ld-linux-x86-64.so.2] ==> ignore
    arg [-o] ==> ignore
    arg [cmTC_45fbc] ==> ignore
    arg [/lib/../lib64/crt1.o] ==> obj [/lib/../lib64/crt1.o]
    arg [/lib/../lib64/crti.o] ==> obj [/lib/../lib64/crti.o]
    arg [/autofs/nccs-svm1_sw/andes/gcc/9.3.0/bin/../lib/gcc/x86_64-pc-linux-gnu/9.3.0/crtbegin.o] ==> obj [/autofs/nccs-svm1_sw/andes/gcc/9.3.0/bin/../lib/gcc/x86_64-pc-linux-gnu/9.3.0/crtbegin.o]
    arg [-L/autofs/nccs-svm1_sw/andes/gcc/9.3.0/bin/../lib/gcc/x86_64-pc-linux-gnu/9.3.0] ==> dir [/autofs/nccs-svm1_sw/andes/gcc/9.3.0/bin/../lib/gcc/x86_64-pc-linux-gnu/9.3.0]
    arg [-L/autofs/nccs-svm1_sw/andes/gcc/9.3.0/bin/../lib/gcc] ==> dir [/autofs/nccs-svm1_sw/andes/gcc/9.3.0/bin/../lib/gcc]
    arg [-L/autofs/nccs-svm1_sw/andes/gcc/9.3.0/bin/../lib/gcc/x86_64-pc-linux-gnu/9.3.0/../../../../lib64] ==> dir [/autofs/nccs-svm1_sw/andes/gcc/9.3.0/bin/../lib/gcc/x86_64-pc-linux-gnu/9.3.0/../../../../lib64]
    arg [-L/lib/../lib64] ==> dir [/lib/../lib64]
    arg [-L/usr/lib/../lib64] ==> dir [/usr/lib/../lib64]
    arg [-L/sw/andes/spack-envs/base/opt/linux-rhel8-x86_64/gcc-9.3.0/openmpi-4.0.4-skxqfeiocc5jtuw3y6dwtnxzzqjp5ffs/lib] ==> dir [/sw/andes/spack-envs/base/opt/linux-rhel8-x86_64/gcc-9.3.0/openmpi-4.0.4-skxqfeiocc5jtuw3y6dwtnxzzqjp5ffs/lib]
    arg [-L/autofs/nccs-svm1_sw/andes/gcc/9.3.0/bin/../lib/gcc/x86_64-pc-linux-gnu/9.3.0/../../..] ==> dir [/autofs/nccs-svm1_sw/andes/gcc/9.3.0/bin/../lib/gcc/x86_64-pc-linux-gnu/9.3.0/../../..]
    arg [CMakeFiles/cmTC_45fbc.dir/CMakeCCompilerABI.c.o] ==> ignore
    arg [-lgcc] ==> lib [gcc]
    arg [--push-state] ==> ignore
    arg [--as-needed] ==> ignore
    arg [-lgcc_s] ==> lib [gcc_s]
    arg [--pop-state] ==> ignore
    arg [-lc] ==> lib [c]
    arg [-lgcc] ==> lib [gcc]
    arg [--push-state] ==> ignore
    arg [--as-needed] ==> ignore
    arg [-lgcc_s] ==> lib [gcc_s]
    arg [--pop-state] ==> ignore
    arg [/autofs/nccs-svm1_sw/andes/gcc/9.3.0/bin/../lib/gcc/x86_64-pc-linux-gnu/9.3.0/crtend.o] ==> obj [/autofs/nccs-svm1_sw/andes/gcc/9.3.0/bin/../lib/gcc/x86_64-pc-linux-gnu/9.3.0/crtend.o]
    arg [/lib/../lib64/crtn.o] ==> obj [/lib/../lib64/crtn.o]
  collapse obj [/lib/../lib64/crt1.o] ==> [/lib64/crt1.o]
  collapse obj [/lib/../lib64/crti.o] ==> [/lib64/crti.o]
  collapse obj [/autofs/nccs-svm1_sw/andes/gcc/9.3.0/bin/../lib/gcc/x86_64-pc-linux-gnu/9.3.0/crtbegin.o] ==> [/autofs/nccs-svm1_sw/andes/gcc/9.3.0/lib/gcc/x86_64-pc-linux-gnu/9.3.0/crtbegin.o]
  collapse obj [/autofs/nccs-svm1_sw/andes/gcc/9.3.0/bin/../lib/gcc/x86_64-pc-linux-gnu/9.3.0/crtend.o] ==> [/autofs/nccs-svm1_sw/andes/gcc/9.3.0/lib/gcc/x86_64-pc-linux-gnu/9.3.0/crtend.o]
  collapse obj [/lib/../lib64/crtn.o] ==> [/lib64/crtn.o]
  collapse library dir [/autofs/nccs-svm1_sw/andes/gcc/9.3.0/bin/../lib/gcc/x86_64-pc-linux-gnu/9.3.0] ==> [/autofs/nccs-svm1_sw/andes/gcc/9.3.0/lib/gcc/x86_64-pc-linux-gnu/9.3.0]
  collapse library dir [/autofs/nccs-svm1_sw/andes/gcc/9.3.0/bin/../lib/gcc] ==> [/autofs/nccs-svm1_sw/andes/gcc/9.3.0/lib/gcc]
  collapse library dir [/autofs/nccs-svm1_sw/andes/gcc/9.3.0/bin/../lib/gcc/x86_64-pc-linux-gnu/9.3.0/../../../../lib64] ==> [/autofs/nccs-svm1_sw/andes/gcc/9.3.0/lib64]
  collapse library dir [/lib/../lib64] ==> [/lib64]
  collapse library dir [/usr/lib/../lib64] ==> [/usr/lib64]
  collapse library dir [/sw/andes/spack-envs/base/opt/linux-rhel8-x86_64/gcc-9.3.0/openmpi-4.0.4-skxqfeiocc5jtuw3y6dwtnxzzqjp5ffs/lib] ==> [/sw/andes/spack-envs/base/opt/linux-rhel8-x86_64/gcc-9.3.0/openmpi-4.0.4-skxqfeiocc5jtuw3y6dwtnxzzqjp5ffs/lib]
  collapse library dir [/autofs/nccs-svm1_sw/andes/gcc/9.3.0/bin/../lib/gcc/x86_64-pc-linux-gnu/9.3.0/../../..] ==> [/autofs/nccs-svm1_sw/andes/gcc/9.3.0/lib]
  implicit libs: [gcc;gcc_s;c;gcc;gcc_s]
  implicit objs: [/lib64/crt1.o;/lib64/crti.o;/autofs/nccs-svm1_sw/andes/gcc/9.3.0/lib/gcc/x86_64-pc-linux-gnu/9.3.0/crtbegin.o;/autofs/nccs-svm1_sw/andes/gcc/9.3.0/lib/gcc/x86_64-pc-linux-gnu/9.3.0/crtend.o;/lib64/crtn.o]
  implicit dirs: [/autofs/nccs-svm1_sw/andes/gcc/9.3.0/lib/gcc/x86_64-pc-linux-gnu/9.3.0;/autofs/nccs-svm1_sw/andes/gcc/9.3.0/lib/gcc;/autofs/nccs-svm1_sw/andes/gcc/9.3.0/lib64;/lib64;/usr/lib64;/sw/andes/spack-envs/base/opt/linux-rhel8-x86_64/gcc-9.3.0/openmpi-4.0.4-skxqfeiocc5jtuw3y6dwtnxzzqjp5ffs/lib;/autofs/nccs-svm1_sw/andes/gcc/9.3.0/lib]
  implicit fwks: []


Detecting CXX compiler ABI info compiled with the following output:
Change Dir: /lustre/orion/csc143/proj-shared/jwang/DNN_Mgard/ExternalDependencies/Multiprecision-data-refactoring/build/CMakeFiles/CMakeTmp

Run Build Command(s):/usr/bin/gmake -f Makefile cmTC_05082/fast && /usr/bin/gmake  -f CMakeFiles/cmTC_05082.dir/build.make CMakeFiles/cmTC_05082.dir/build
gmake[1]: Entering directory '/lustre/orion/csc143/proj-shared/jwang/DNN_Mgard/ExternalDependencies/Multiprecision-data-refactoring/build/CMakeFiles/CMakeTmp'
Building CXX object CMakeFiles/cmTC_05082.dir/CMakeCXXCompilerABI.cpp.o
/sw/andes/gcc/9.3.0/bin/g++   -v -o CMakeFiles/cmTC_05082.dir/CMakeCXXCompilerABI.cpp.o -c /usr/share/cmake/Modules/CMakeCXXCompilerABI.cpp
Using built-in specs.
COLLECT_GCC=/sw/andes/gcc/9.3.0/bin/g++
Target: x86_64-pc-linux-gnu
Configured with: /sw/.testing/belhorn/andes-tmp/gcc-build-9.3.0-1/gcc-9.3.0/configure --prefix=/sw/andes/gcc/9.3.0 --enable-languages=c,c++,fortran,lto --disable-multilib CFLAGS=-m64
Thread model: posix
gcc version 9.3.0 (GCC) 
COLLECT_GCC_OPTIONS='-v' '-o' 'CMakeFiles/cmTC_05082.dir/CMakeCXXCompilerABI.cpp.o' '-c' '-shared-libgcc' '-mtune=generic' '-march=x86-64'
 /autofs/nccs-svm1_sw/andes/gcc/9.3.0/bin/../libexec/gcc/x86_64-pc-linux-gnu/9.3.0/cc1plus -quiet -v -iprefix /autofs/nccs-svm1_sw/andes/gcc/9.3.0/bin/../lib/gcc/x86_64-pc-linux-gnu/9.3.0/ -D_GNU_SOURCE /usr/share/cmake/Modules/CMakeCXXCompilerABI.cpp -quiet -dumpbase CMakeCXXCompilerABI.cpp -mtune=generic -march=x86-64 -auxbase-strip CMakeFiles/cmTC_05082.dir/CMakeCXXCompilerABI.cpp.o -version -o /tmp/ccyoGtAg.s
GNU C++14 (GCC) version 9.3.0 (x86_64-pc-linux-gnu)
	compiled by GNU C version 9.3.0, GMP version 6.1.0, MPFR version 3.1.4, MPC version 1.0.3, isl version isl-0.18-GMP

GGC heuristics: --param ggc-min-expand=100 --param ggc-min-heapsize=131072
ignoring nonexistent directory "/autofs/nccs-svm1_sw/andes/gcc/9.3.0/bin/../lib/gcc/x86_64-pc-linux-gnu/9.3.0/../../../../x86_64-pc-linux-gnu/include"
ignoring duplicate directory "/autofs/nccs-svm1_sw/andes/gcc/9.3.0/bin/../lib/gcc/../../lib/gcc/x86_64-pc-linux-gnu/9.3.0/../../../../include/c++/9.3.0"
ignoring duplicate directory "/autofs/nccs-svm1_sw/andes/gcc/9.3.0/bin/../lib/gcc/../../lib/gcc/x86_64-pc-linux-gnu/9.3.0/../../../../include/c++/9.3.0/x86_64-pc-linux-gnu"
ignoring duplicate directory "/autofs/nccs-svm1_sw/andes/gcc/9.3.0/bin/../lib/gcc/../../lib/gcc/x86_64-pc-linux-gnu/9.3.0/../../../../include/c++/9.3.0/backward"
ignoring duplicate directory "/autofs/nccs-svm1_sw/andes/gcc/9.3.0/bin/../lib/gcc/../../lib/gcc/x86_64-pc-linux-gnu/9.3.0/include"
ignoring duplicate directory "/autofs/nccs-svm1_sw/andes/gcc/9.3.0/bin/../lib/gcc/../../lib/gcc/x86_64-pc-linux-gnu/9.3.0/include-fixed"
ignoring nonexistent directory "/autofs/nccs-svm1_sw/andes/gcc/9.3.0/bin/../lib/gcc/../../lib/gcc/x86_64-pc-linux-gnu/9.3.0/../../../../x86_64-pc-linux-gnu/include"
#include "..." search starts here:
#include <...> search starts here:
 /sw/andes/spack-envs/base/opt/linux-rhel8-x86_64/gcc-9.3.0/openmpi-4.0.4-skxqfeiocc5jtuw3y6dwtnxzzqjp5ffs/include
 /autofs/nccs-svm1_sw/andes/gcc/9.3.0/bin/../lib/gcc/x86_64-pc-linux-gnu/9.3.0/../../../../include/c++/9.3.0
 /autofs/nccs-svm1_sw/andes/gcc/9.3.0/bin/../lib/gcc/x86_64-pc-linux-gnu/9.3.0/../../../../include/c++/9.3.0/x86_64-pc-linux-gnu
 /autofs/nccs-svm1_sw/andes/gcc/9.3.0/bin/../lib/gcc/x86_64-pc-linux-gnu/9.3.0/../../../../include/c++/9.3.0/backward
 /autofs/nccs-svm1_sw/andes/gcc/9.3.0/bin/../lib/gcc/x86_64-pc-linux-gnu/9.3.0/include
 /autofs/nccs-svm1_sw/andes/gcc/9.3.0/bin/../lib/gcc/x86_64-pc-linux-gnu/9.3.0/include-fixed
 /usr/local/include
 /autofs/nccs-svm1_sw/andes/gcc/9.3.0/bin/../lib/gcc/../../include
 /usr/include
End of search list.
GNU C++14 (GCC) version 9.3.0 (x86_64-pc-linux-gnu)
	compiled by GNU C version 9.3.0, GMP version 6.1.0, MPFR version 3.1.4, MPC version 1.0.3, isl version isl-0.18-GMP

GGC heuristics: --param ggc-min-expand=100 --param ggc-min-heapsize=131072
Compiler executable checksum: 932f8a2bac44fed8a8fd6475dff6ed0d
COLLECT_GCC_OPTIONS='-v' '-o' 'CMakeFiles/cmTC_05082.dir/CMakeCXXCompilerABI.cpp.o' '-c' '-shared-libgcc' '-mtune=generic' '-march=x86-64'
 as -v --64 -o CMakeFiles/cmTC_05082.dir/CMakeCXXCompilerABI.cpp.o /tmp/ccyoGtAg.s
GNU assembler version 2.30 (x86_64-redhat-linux) using BFD version version 2.30-117.el8
COMPILER_PATH=/autofs/nccs-svm1_sw/andes/gcc/9.3.0/bin/../libexec/gcc/x86_64-pc-linux-gnu/9.3.0/:/autofs/nccs-svm1_sw/andes/gcc/9.3.0/bin/../libexec/gcc/
LIBRARY_PATH=/autofs/nccs-svm1_sw/andes/gcc/9.3.0/bin/../lib/gcc/x86_64-pc-linux-gnu/9.3.0/:/autofs/nccs-svm1_sw/andes/gcc/9.3.0/bin/../lib/gcc/:/autofs/nccs-svm1_sw/andes/gcc/9.3.0/bin/../lib/gcc/x86_64-pc-linux-gnu/9.3.0/../../../../lib64/:/lib/../lib64/:/usr/lib/../lib64/:/sw/andes/spack-envs/base/opt/linux-rhel8-x86_64/gcc-9.3.0/openmpi-4.0.4-skxqfeiocc5jtuw3y6dwtnxzzqjp5ffs/lib/:/autofs/nccs-svm1_sw/andes/gcc/9.3.0/bin/../lib/gcc/x86_64-pc-linux-gnu/9.3.0/../../../:/lib/:/usr/lib/
COLLECT_GCC_OPTIONS='-v' '-o' 'CMakeFiles/cmTC_05082.dir/CMakeCXXCompilerABI.cpp.o' '-c' '-shared-libgcc' '-mtune=generic' '-march=x86-64'
Linking CXX executable cmTC_05082
/usr/bin/cmake -E cmake_link_script CMakeFiles/cmTC_05082.dir/link.txt --verbose=1
/sw/andes/gcc/9.3.0/bin/g++  -v -rdynamic CMakeFiles/cmTC_05082.dir/CMakeCXXCompilerABI.cpp.o -o cmTC_05082 
Using built-in specs.
COLLECT_GCC=/sw/andes/gcc/9.3.0/bin/g++
COLLECT_LTO_WRAPPER=/autofs/nccs-svm1_sw/andes/gcc/9.3.0/bin/../libexec/gcc/x86_64-pc-linux-gnu/9.3.0/lto-wrapper
Target: x86_64-pc-linux-gnu
Configured with: /sw/.testing/belhorn/andes-tmp/gcc-build-9.3.0-1/gcc-9.3.0/configure --prefix=/sw/andes/gcc/9.3.0 --enable-languages=c,c++,fortran,lto --disable-multilib CFLAGS=-m64
Thread model: posix
gcc version 9.3.0 (GCC) 
COMPILER_PATH=/autofs/nccs-svm1_sw/andes/gcc/9.3.0/bin/../libexec/gcc/x86_64-pc-linux-gnu/9.3.0/:/autofs/nccs-svm1_sw/andes/gcc/9.3.0/bin/../libexec/gcc/
LIBRARY_PATH=/autofs/nccs-svm1_sw/andes/gcc/9.3.0/bin/../lib/gcc/x86_64-pc-linux-gnu/9.3.0/:/autofs/nccs-svm1_sw/andes/gcc/9.3.0/bin/../lib/gcc/:/autofs/nccs-svm1_sw/andes/gcc/9.3.0/bin/../lib/gcc/x86_64-pc-linux-gnu/9.3.0/../../../../lib64/:/lib/../lib64/:/usr/lib/../lib64/:/sw/andes/spack-envs/base/opt/linux-rhel8-x86_64/gcc-9.3.0/openmpi-4.0.4-skxqfeiocc5jtuw3y6dwtnxzzqjp5ffs/lib/:/autofs/nccs-svm1_sw/andes/gcc/9.3.0/bin/../lib/gcc/x86_64-pc-linux-gnu/9.3.0/../../../:/lib/:/usr/lib/
COLLECT_GCC_OPTIONS='-v' '-rdynamic' '-o' 'cmTC_05082' '-shared-libgcc' '-mtune=generic' '-march=x86-64'
 /autofs/nccs-svm1_sw/andes/gcc/9.3.0/bin/../libexec/gcc/x86_64-pc-linux-gnu/9.3.0/collect2 -plugin /autofs/nccs-svm1_sw/andes/gcc/9.3.0/bin/../libexec/gcc/x86_64-pc-linux-gnu/9.3.0/liblto_plugin.so -plugin-opt=/autofs/nccs-svm1_sw/andes/gcc/9.3.0/bin/../libexec/gcc/x86_64-pc-linux-gnu/9.3.0/lto-wrapper -plugin-opt=-fresolution=/tmp/ccnMQBNZ.res -plugin-opt=-pass-through=-lgcc_s -plugin-opt=-pass-through=-lgcc -plugin-opt=-pass-through=-lc -plugin-opt=-pass-through=-lgcc_s -plugin-opt=-pass-through=-lgcc --eh-frame-hdr -m elf_x86_64 -export-dynamic -dynamic-linker /lib64/ld-linux-x86-64.so.2 -o cmTC_05082 /lib/../lib64/crt1.o /lib/../lib64/crti.o /autofs/nccs-svm1_sw/andes/gcc/9.3.0/bin/../lib/gcc/x86_64-pc-linux-gnu/9.3.0/crtbegin.o -L/autofs/nccs-svm1_sw/andes/gcc/9.3.0/bin/../lib/gcc/x86_64-pc-linux-gnu/9.3.0 -L/autofs/nccs-svm1_sw/andes/gcc/9.3.0/bin/../lib/gcc -L/autofs/nccs-svm1_sw/andes/gcc/9.3.0/bin/../lib/gcc/x86_64-pc-linux-gnu/9.3.0/../../../../lib64 -L/lib/../lib64 -L/usr/lib/../lib64 -L/sw/andes/spack-envs/base/opt/linux-rhel8-x86_64/gcc-9.3.0/openmpi-4.0.4-skxqfeiocc5jtuw3y6dwtnxzzqjp5ffs/lib -L/autofs/nccs-svm1_sw/andes/gcc/9.3.0/bin/../lib/gcc/x86_64-pc-linux-gnu/9.3.0/../../.. CMakeFiles/cmTC_05082.dir/CMakeCXXCompilerABI.cpp.o -lstdc++ -lm -lgcc_s -lgcc -lc -lgcc_s -lgcc /autofs/nccs-svm1_sw/andes/gcc/9.3.0/bin/../lib/gcc/x86_64-pc-linux-gnu/9.3.0/crtend.o /lib/../lib64/crtn.o
COLLECT_GCC_OPTIONS='-v' '-rdynamic' '-o' 'cmTC_05082' '-shared-libgcc' '-mtune=generic' '-march=x86-64'
gmake[1]: Leaving directory '/lustre/orion/csc143/proj-shared/jwang/DNN_Mgard/ExternalDependencies/Multiprecision-data-refactoring/build/CMakeFiles/CMakeTmp'



Parsed CXX implicit include dir info from above output: rv=done
  found start of include info
  found start of implicit include info
    add: [/sw/andes/spack-envs/base/opt/linux-rhel8-x86_64/gcc-9.3.0/openmpi-4.0.4-skxqfeiocc5jtuw3y6dwtnxzzqjp5ffs/include]
    add: [/autofs/nccs-svm1_sw/andes/gcc/9.3.0/bin/../lib/gcc/x86_64-pc-linux-gnu/9.3.0/../../../../include/c++/9.3.0]
    add: [/autofs/nccs-svm1_sw/andes/gcc/9.3.0/bin/../lib/gcc/x86_64-pc-linux-gnu/9.3.0/../../../../include/c++/9.3.0/x86_64-pc-linux-gnu]
    add: [/autofs/nccs-svm1_sw/andes/gcc/9.3.0/bin/../lib/gcc/x86_64-pc-linux-gnu/9.3.0/../../../../include/c++/9.3.0/backward]
    add: [/autofs/nccs-svm1_sw/andes/gcc/9.3.0/bin/../lib/gcc/x86_64-pc-linux-gnu/9.3.0/include]
    add: [/autofs/nccs-svm1_sw/andes/gcc/9.3.0/bin/../lib/gcc/x86_64-pc-linux-gnu/9.3.0/include-fixed]
    add: [/usr/local/include]
    add: [/autofs/nccs-svm1_sw/andes/gcc/9.3.0/bin/../lib/gcc/../../include]
    add: [/usr/include]
  end of search list found
  collapse include dir [/sw/andes/spack-envs/base/opt/linux-rhel8-x86_64/gcc-9.3.0/openmpi-4.0.4-skxqfeiocc5jtuw3y6dwtnxzzqjp5ffs/include] ==> [/sw/andes/spack-envs/base/opt/linux-rhel8-x86_64/gcc-9.3.0/openmpi-4.0.4-skxqfeiocc5jtuw3y6dwtnxzzqjp5ffs/include]
  collapse include dir [/autofs/nccs-svm1_sw/andes/gcc/9.3.0/bin/../lib/gcc/x86_64-pc-linux-gnu/9.3.0/../../../../include/c++/9.3.0] ==> [/autofs/nccs-svm1_sw/andes/gcc/9.3.0/include/c++/9.3.0]
  collapse include dir [/autofs/nccs-svm1_sw/andes/gcc/9.3.0/bin/../lib/gcc/x86_64-pc-linux-gnu/9.3.0/../../../../include/c++/9.3.0/x86_64-pc-linux-gnu] ==> [/autofs/nccs-svm1_sw/andes/gcc/9.3.0/include/c++/9.3.0/x86_64-pc-linux-gnu]
  collapse include dir [/autofs/nccs-svm1_sw/andes/gcc/9.3.0/bin/../lib/gcc/x86_64-pc-linux-gnu/9.3.0/../../../../include/c++/9.3.0/backward] ==> [/autofs/nccs-svm1_sw/andes/gcc/9.3.0/include/c++/9.3.0/backward]
  collapse include dir [/autofs/nccs-svm1_sw/andes/gcc/9.3.0/bin/../lib/gcc/x86_64-pc-linux-gnu/9.3.0/include] ==> [/autofs/nccs-svm1_sw/andes/gcc/9.3.0/lib/gcc/x86_64-pc-linux-gnu/9.3.0/include]
  collapse include dir [/autofs/nccs-svm1_sw/andes/gcc/9.3.0/bin/../lib/gcc/x86_64-pc-linux-gnu/9.3.0/include-fixed] ==> [/autofs/nccs-svm1_sw/andes/gcc/9.3.0/lib/gcc/x86_64-pc-linux-gnu/9.3.0/include-fixed]
  collapse include dir [/usr/local/include] ==> [/usr/local/include]
  collapse include dir [/autofs/nccs-svm1_sw/andes/gcc/9.3.0/bin/../lib/gcc/../../include] ==> [/autofs/nccs-svm1_sw/andes/gcc/9.3.0/include]
  collapse include dir [/usr/include] ==> [/usr/include]
  implicit include dirs: [/sw/andes/spack-envs/base/opt/linux-rhel8-x86_64/gcc-9.3.0/openmpi-4.0.4-skxqfeiocc5jtuw3y6dwtnxzzqjp5ffs/include;/autofs/nccs-svm1_sw/andes/gcc/9.3.0/include/c++/9.3.0;/autofs/nccs-svm1_sw/andes/gcc/9.3.0/include/c++/9.3.0/x86_64-pc-linux-gnu;/autofs/nccs-svm1_sw/andes/gcc/9.3.0/include/c++/9.3.0/backward;/autofs/nccs-svm1_sw/andes/gcc/9.3.0/lib/gcc/x86_64-pc-linux-gnu/9.3.0/include;/autofs/nccs-svm1_sw/andes/gcc/9.3.0/lib/gcc/x86_64-pc-linux-gnu/9.3.0/include-fixed;/usr/local/include;/autofs/nccs-svm1_sw/andes/gcc/9.3.0/include;/usr/include]


Parsed CXX implicit link information from above output:
  link line regex: [^( *|.*[/\])(ld|CMAKE_LINK_STARTFILE-NOTFOUND|([^/\]+-)?ld|collect2)[^/\]*( |$)]
  ignore line: [Change Dir: /lustre/orion/csc143/proj-shared/jwang/DNN_Mgard/ExternalDependencies/Multiprecision-data-refactoring/build/CMakeFiles/CMakeTmp]
  ignore line: []
  ignore line: [Run Build Command(s):/usr/bin/gmake -f Makefile cmTC_05082/fast && /usr/bin/gmake  -f CMakeFiles/cmTC_05082.dir/build.make CMakeFiles/cmTC_05082.dir/build]
  ignore line: [gmake[1]: Entering directory '/lustre/orion/csc143/proj-shared/jwang/DNN_Mgard/ExternalDependencies/Multiprecision-data-refactoring/build/CMakeFiles/CMakeTmp']
  ignore line: [Building CXX object CMakeFiles/cmTC_05082.dir/CMakeCXXCompilerABI.cpp.o]
  ignore line: [/sw/andes/gcc/9.3.0/bin/g++   -v -o CMakeFiles/cmTC_05082.dir/CMakeCXXCompilerABI.cpp.o -c /usr/share/cmake/Modules/CMakeCXXCompilerABI.cpp]
  ignore line: [Using built-in specs.]
  ignore line: [COLLECT_GCC=/sw/andes/gcc/9.3.0/bin/g++]
  ignore line: [Target: x86_64-pc-linux-gnu]
  ignore line: [Configured with: /sw/.testing/belhorn/andes-tmp/gcc-build-9.3.0-1/gcc-9.3.0/configure --prefix=/sw/andes/gcc/9.3.0 --enable-languages=c c++ fortran lto --disable-multilib CFLAGS=-m64]
  ignore line: [Thread model: posix]
  ignore line: [gcc version 9.3.0 (GCC) ]
  ignore line: [COLLECT_GCC_OPTIONS='-v' '-o' 'CMakeFiles/cmTC_05082.dir/CMakeCXXCompilerABI.cpp.o' '-c' '-shared-libgcc' '-mtune=generic' '-march=x86-64']
  ignore line: [ /autofs/nccs-svm1_sw/andes/gcc/9.3.0/bin/../libexec/gcc/x86_64-pc-linux-gnu/9.3.0/cc1plus -quiet -v -iprefix /autofs/nccs-svm1_sw/andes/gcc/9.3.0/bin/../lib/gcc/x86_64-pc-linux-gnu/9.3.0/ -D_GNU_SOURCE /usr/share/cmake/Modules/CMakeCXXCompilerABI.cpp -quiet -dumpbase CMakeCXXCompilerABI.cpp -mtune=generic -march=x86-64 -auxbase-strip CMakeFiles/cmTC_05082.dir/CMakeCXXCompilerABI.cpp.o -version -o /tmp/ccyoGtAg.s]
  ignore line: [GNU C++14 (GCC) version 9.3.0 (x86_64-pc-linux-gnu)]
  ignore line: [	compiled by GNU C version 9.3.0  GMP version 6.1.0  MPFR version 3.1.4  MPC version 1.0.3  isl version isl-0.18-GMP]
  ignore line: []
  ignore line: [GGC heuristics: --param ggc-min-expand=100 --param ggc-min-heapsize=131072]
  ignore line: [ignoring nonexistent directory "/autofs/nccs-svm1_sw/andes/gcc/9.3.0/bin/../lib/gcc/x86_64-pc-linux-gnu/9.3.0/../../../../x86_64-pc-linux-gnu/include"]
  ignore line: [ignoring duplicate directory "/autofs/nccs-svm1_sw/andes/gcc/9.3.0/bin/../lib/gcc/../../lib/gcc/x86_64-pc-linux-gnu/9.3.0/../../../../include/c++/9.3.0"]
  ignore line: [ignoring duplicate directory "/autofs/nccs-svm1_sw/andes/gcc/9.3.0/bin/../lib/gcc/../../lib/gcc/x86_64-pc-linux-gnu/9.3.0/../../../../include/c++/9.3.0/x86_64-pc-linux-gnu"]
  ignore line: [ignoring duplicate directory "/autofs/nccs-svm1_sw/andes/gcc/9.3.0/bin/../lib/gcc/../../lib/gcc/x86_64-pc-linux-gnu/9.3.0/../../../../include/c++/9.3.0/backward"]
  ignore line: [ignoring duplicate directory "/autofs/nccs-svm1_sw/andes/gcc/9.3.0/bin/../lib/gcc/../../lib/gcc/x86_64-pc-linux-gnu/9.3.0/include"]
  ignore line: [ignoring duplicate directory "/autofs/nccs-svm1_sw/andes/gcc/9.3.0/bin/../lib/gcc/../../lib/gcc/x86_64-pc-linux-gnu/9.3.0/include-fixed"]
  ignore line: [ignoring nonexistent directory "/autofs/nccs-svm1_sw/andes/gcc/9.3.0/bin/../lib/gcc/../../lib/gcc/x86_64-pc-linux-gnu/9.3.0/../../../../x86_64-pc-linux-gnu/include"]
  ignore line: [#include "..." search starts here:]
  ignore line: [#include <...> search starts here:]
  ignore line: [ /sw/andes/spack-envs/base/opt/linux-rhel8-x86_64/gcc-9.3.0/openmpi-4.0.4-skxqfeiocc5jtuw3y6dwtnxzzqjp5ffs/include]
  ignore line: [ /autofs/nccs-svm1_sw/andes/gcc/9.3.0/bin/../lib/gcc/x86_64-pc-linux-gnu/9.3.0/../../../../include/c++/9.3.0]
  ignore line: [ /autofs/nccs-svm1_sw/andes/gcc/9.3.0/bin/../lib/gcc/x86_64-pc-linux-gnu/9.3.0/../../../../include/c++/9.3.0/x86_64-pc-linux-gnu]
  ignore line: [ /autofs/nccs-svm1_sw/andes/gcc/9.3.0/bin/../lib/gcc/x86_64-pc-linux-gnu/9.3.0/../../../../include/c++/9.3.0/backward]
  ignore line: [ /autofs/nccs-svm1_sw/andes/gcc/9.3.0/bin/../lib/gcc/x86_64-pc-linux-gnu/9.3.0/include]
  ignore line: [ /autofs/nccs-svm1_sw/andes/gcc/9.3.0/bin/../lib/gcc/x86_64-pc-linux-gnu/9.3.0/include-fixed]
  ignore line: [ /usr/local/include]
  ignore line: [ /autofs/nccs-svm1_sw/andes/gcc/9.3.0/bin/../lib/gcc/../../include]
  ignore line: [ /usr/include]
  ignore line: [End of search list.]
  ignore line: [GNU C++14 (GCC) version 9.3.0 (x86_64-pc-linux-gnu)]
  ignore line: [	compiled by GNU C version 9.3.0  GMP version 6.1.0  MPFR version 3.1.4  MPC version 1.0.3  isl version isl-0.18-GMP]
  ignore line: []
  ignore line: [GGC heuristics: --param ggc-min-expand=100 --param ggc-min-heapsize=131072]
  ignore line: [Compiler executable checksum: 932f8a2bac44fed8a8fd6475dff6ed0d]
  ignore line: [COLLECT_GCC_OPTIONS='-v' '-o' 'CMakeFiles/cmTC_05082.dir/CMakeCXXCompilerABI.cpp.o' '-c' '-shared-libgcc' '-mtune=generic' '-march=x86-64']
  ignore line: [ as -v --64 -o CMakeFiles/cmTC_05082.dir/CMakeCXXCompilerABI.cpp.o /tmp/ccyoGtAg.s]
  ignore line: [GNU assembler version 2.30 (x86_64-redhat-linux) using BFD version version 2.30-117.el8]
  ignore line: [COMPILER_PATH=/autofs/nccs-svm1_sw/andes/gcc/9.3.0/bin/../libexec/gcc/x86_64-pc-linux-gnu/9.3.0/:/autofs/nccs-svm1_sw/andes/gcc/9.3.0/bin/../libexec/gcc/]
  ignore line: [LIBRARY_PATH=/autofs/nccs-svm1_sw/andes/gcc/9.3.0/bin/../lib/gcc/x86_64-pc-linux-gnu/9.3.0/:/autofs/nccs-svm1_sw/andes/gcc/9.3.0/bin/../lib/gcc/:/autofs/nccs-svm1_sw/andes/gcc/9.3.0/bin/../lib/gcc/x86_64-pc-linux-gnu/9.3.0/../../../../lib64/:/lib/../lib64/:/usr/lib/../lib64/:/sw/andes/spack-envs/base/opt/linux-rhel8-x86_64/gcc-9.3.0/openmpi-4.0.4-skxqfeiocc5jtuw3y6dwtnxzzqjp5ffs/lib/:/autofs/nccs-svm1_sw/andes/gcc/9.3.0/bin/../lib/gcc/x86_64-pc-linux-gnu/9.3.0/../../../:/lib/:/usr/lib/]
  ignore line: [COLLECT_GCC_OPTIONS='-v' '-o' 'CMakeFiles/cmTC_05082.dir/CMakeCXXCompilerABI.cpp.o' '-c' '-shared-libgcc' '-mtune=generic' '-march=x86-64']
  ignore line: [Linking CXX executable cmTC_05082]
  ignore line: [/usr/bin/cmake -E cmake_link_script CMakeFiles/cmTC_05082.dir/link.txt --verbose=1]
  ignore line: [/sw/andes/gcc/9.3.0/bin/g++  -v -rdynamic CMakeFiles/cmTC_05082.dir/CMakeCXXCompilerABI.cpp.o -o cmTC_05082 ]
  ignore line: [Using built-in specs.]
  ignore line: [COLLECT_GCC=/sw/andes/gcc/9.3.0/bin/g++]
  ignore line: [COLLECT_LTO_WRAPPER=/autofs/nccs-svm1_sw/andes/gcc/9.3.0/bin/../libexec/gcc/x86_64-pc-linux-gnu/9.3.0/lto-wrapper]
  ignore line: [Target: x86_64-pc-linux-gnu]
  ignore line: [Configured with: /sw/.testing/belhorn/andes-tmp/gcc-build-9.3.0-1/gcc-9.3.0/configure --prefix=/sw/andes/gcc/9.3.0 --enable-languages=c c++ fortran lto --disable-multilib CFLAGS=-m64]
  ignore line: [Thread model: posix]
  ignore line: [gcc version 9.3.0 (GCC) ]
  ignore line: [COMPILER_PATH=/autofs/nccs-svm1_sw/andes/gcc/9.3.0/bin/../libexec/gcc/x86_64-pc-linux-gnu/9.3.0/:/autofs/nccs-svm1_sw/andes/gcc/9.3.0/bin/../libexec/gcc/]
  ignore line: [LIBRARY_PATH=/autofs/nccs-svm1_sw/andes/gcc/9.3.0/bin/../lib/gcc/x86_64-pc-linux-gnu/9.3.0/:/autofs/nccs-svm1_sw/andes/gcc/9.3.0/bin/../lib/gcc/:/autofs/nccs-svm1_sw/andes/gcc/9.3.0/bin/../lib/gcc/x86_64-pc-linux-gnu/9.3.0/../../../../lib64/:/lib/../lib64/:/usr/lib/../lib64/:/sw/andes/spack-envs/base/opt/linux-rhel8-x86_64/gcc-9.3.0/openmpi-4.0.4-skxqfeiocc5jtuw3y6dwtnxzzqjp5ffs/lib/:/autofs/nccs-svm1_sw/andes/gcc/9.3.0/bin/../lib/gcc/x86_64-pc-linux-gnu/9.3.0/../../../:/lib/:/usr/lib/]
  ignore line: [COLLECT_GCC_OPTIONS='-v' '-rdynamic' '-o' 'cmTC_05082' '-shared-libgcc' '-mtune=generic' '-march=x86-64']
  link line: [ /autofs/nccs-svm1_sw/andes/gcc/9.3.0/bin/../libexec/gcc/x86_64-pc-linux-gnu/9.3.0/collect2 -plugin /autofs/nccs-svm1_sw/andes/gcc/9.3.0/bin/../libexec/gcc/x86_64-pc-linux-gnu/9.3.0/liblto_plugin.so -plugin-opt=/autofs/nccs-svm1_sw/andes/gcc/9.3.0/bin/../libexec/gcc/x86_64-pc-linux-gnu/9.3.0/lto-wrapper -plugin-opt=-fresolution=/tmp/ccnMQBNZ.res -plugin-opt=-pass-through=-lgcc_s -plugin-opt=-pass-through=-lgcc -plugin-opt=-pass-through=-lc -plugin-opt=-pass-through=-lgcc_s -plugin-opt=-pass-through=-lgcc --eh-frame-hdr -m elf_x86_64 -export-dynamic -dynamic-linker /lib64/ld-linux-x86-64.so.2 -o cmTC_05082 /lib/../lib64/crt1.o /lib/../lib64/crti.o /autofs/nccs-svm1_sw/andes/gcc/9.3.0/bin/../lib/gcc/x86_64-pc-linux-gnu/9.3.0/crtbegin.o -L/autofs/nccs-svm1_sw/andes/gcc/9.3.0/bin/../lib/gcc/x86_64-pc-linux-gnu/9.3.0 -L/autofs/nccs-svm1_sw/andes/gcc/9.3.0/bin/../lib/gcc -L/autofs/nccs-svm1_sw/andes/gcc/9.3.0/bin/../lib/gcc/x86_64-pc-linux-gnu/9.3.0/../../../../lib64 -L/lib/../lib64 -L/usr/lib/../lib64 -L/sw/andes/spack-envs/base/opt/linux-rhel8-x86_64/gcc-9.3.0/openmpi-4.0.4-skxqfeiocc5jtuw3y6dwtnxzzqjp5ffs/lib -L/autofs/nccs-svm1_sw/andes/gcc/9.3.0/bin/../lib/gcc/x86_64-pc-linux-gnu/9.3.0/../../.. CMakeFiles/cmTC_05082.dir/CMakeCXXCompilerABI.cpp.o -lstdc++ -lm -lgcc_s -lgcc -lc -lgcc_s -lgcc /autofs/nccs-svm1_sw/andes/gcc/9.3.0/bin/../lib/gcc/x86_64-pc-linux-gnu/9.3.0/crtend.o /lib/../lib64/crtn.o]
    arg [/autofs/nccs-svm1_sw/andes/gcc/9.3.0/bin/../libexec/gcc/x86_64-pc-linux-gnu/9.3.0/collect2] ==> ignore
    arg [-plugin] ==> ignore
    arg [/autofs/nccs-svm1_sw/andes/gcc/9.3.0/bin/../libexec/gcc/x86_64-pc-linux-gnu/9.3.0/liblto_plugin.so] ==> ignore
    arg [-plugin-opt=/autofs/nccs-svm1_sw/andes/gcc/9.3.0/bin/../libexec/gcc/x86_64-pc-linux-gnu/9.3.0/lto-wrapper] ==> ignore
    arg [-plugin-opt=-fresolution=/tmp/ccnMQBNZ.res] ==> ignore
    arg [-plugin-opt=-pass-through=-lgcc_s] ==> ignore
    arg [-plugin-opt=-pass-through=-lgcc] ==> ignore
    arg [-plugin-opt=-pass-through=-lc] ==> ignore
    arg [-plugin-opt=-pass-through=-lgcc_s] ==> ignore
    arg [-plugin-opt=-pass-through=-lgcc] ==> ignore
    arg [--eh-frame-hdr] ==> ignore
    arg [-m] ==> ignore
    arg [elf_x86_64] ==> ignore
    arg [-export-dynamic] ==> ignore
    arg [-dynamic-linker] ==> ignore
    arg [/lib64/ld-linux-x86-64.so.2] ==> ignore
    arg [-o] ==> ignore
    arg [cmTC_05082] ==> ignore
    arg [/lib/../lib64/crt1.o] ==> obj [/lib/../lib64/crt1.o]
    arg [/lib/../lib64/crti.o] ==> obj [/lib/../lib64/crti.o]
    arg [/autofs/nccs-svm1_sw/andes/gcc/9.3.0/bin/../lib/gcc/x86_64-pc-linux-gnu/9.3.0/crtbegin.o] ==> obj [/autofs/nccs-svm1_sw/andes/gcc/9.3.0/bin/../lib/gcc/x86_64-pc-linux-gnu/9.3.0/crtbegin.o]
    arg [-L/autofs/nccs-svm1_sw/andes/gcc/9.3.0/bin/../lib/gcc/x86_64-pc-linux-gnu/9.3.0] ==> dir [/autofs/nccs-svm1_sw/andes/gcc/9.3.0/bin/../lib/gcc/x86_64-pc-linux-gnu/9.3.0]
    arg [-L/autofs/nccs-svm1_sw/andes/gcc/9.3.0/bin/../lib/gcc] ==> dir [/autofs/nccs-svm1_sw/andes/gcc/9.3.0/bin/../lib/gcc]
    arg [-L/autofs/nccs-svm1_sw/andes/gcc/9.3.0/bin/../lib/gcc/x86_64-pc-linux-gnu/9.3.0/../../../../lib64] ==> dir [/autofs/nccs-svm1_sw/andes/gcc/9.3.0/bin/../lib/gcc/x86_64-pc-linux-gnu/9.3.0/../../../../lib64]
    arg [-L/lib/../lib64] ==> dir [/lib/../lib64]
    arg [-L/usr/lib/../lib64] ==> dir [/usr/lib/../lib64]
    arg [-L/sw/andes/spack-envs/base/opt/linux-rhel8-x86_64/gcc-9.3.0/openmpi-4.0.4-skxqfeiocc5jtuw3y6dwtnxzzqjp5ffs/lib] ==> dir [/sw/andes/spack-envs/base/opt/linux-rhel8-x86_64/gcc-9.3.0/openmpi-4.0.4-skxqfeiocc5jtuw3y6dwtnxzzqjp5ffs/lib]
    arg [-L/autofs/nccs-svm1_sw/andes/gcc/9.3.0/bin/../lib/gcc/x86_64-pc-linux-gnu/9.3.0/../../..] ==> dir [/autofs/nccs-svm1_sw/andes/gcc/9.3.0/bin/../lib/gcc/x86_64-pc-linux-gnu/9.3.0/../../..]
    arg [CMakeFiles/cmTC_05082.dir/CMakeCXXCompilerABI.cpp.o] ==> ignore
    arg [-lstdc++] ==> lib [stdc++]
    arg [-lm] ==> lib [m]
    arg [-lgcc_s] ==> lib [gcc_s]
    arg [-lgcc] ==> lib [gcc]
    arg [-lc] ==> lib [c]
    arg [-lgcc_s] ==> lib [gcc_s]
    arg [-lgcc] ==> lib [gcc]
    arg [/autofs/nccs-svm1_sw/andes/gcc/9.3.0/bin/../lib/gcc/x86_64-pc-linux-gnu/9.3.0/crtend.o] ==> obj [/autofs/nccs-svm1_sw/andes/gcc/9.3.0/bin/../lib/gcc/x86_64-pc-linux-gnu/9.3.0/crtend.o]
    arg [/lib/../lib64/crtn.o] ==> obj [/lib/../lib64/crtn.o]
  collapse obj [/lib/../lib64/crt1.o] ==> [/lib64/crt1.o]
  collapse obj [/lib/../lib64/crti.o] ==> [/lib64/crti.o]
  collapse obj [/autofs/nccs-svm1_sw/andes/gcc/9.3.0/bin/../lib/gcc/x86_64-pc-linux-gnu/9.3.0/crtbegin.o] ==> [/autofs/nccs-svm1_sw/andes/gcc/9.3.0/lib/gcc/x86_64-pc-linux-gnu/9.3.0/crtbegin.o]
  collapse obj [/autofs/nccs-svm1_sw/andes/gcc/9.3.0/bin/../lib/gcc/x86_64-pc-linux-gnu/9.3.0/crtend.o] ==> [/autofs/nccs-svm1_sw/andes/gcc/9.3.0/lib/gcc/x86_64-pc-linux-gnu/9.3.0/crtend.o]
  collapse obj [/lib/../lib64/crtn.o] ==> [/lib64/crtn.o]
  collapse library dir [/autofs/nccs-svm1_sw/andes/gcc/9.3.0/bin/../lib/gcc/x86_64-pc-linux-gnu/9.3.0] ==> [/autofs/nccs-svm1_sw/andes/gcc/9.3.0/lib/gcc/x86_64-pc-linux-gnu/9.3.0]
  collapse library dir [/autofs/nccs-svm1_sw/andes/gcc/9.3.0/bin/../lib/gcc] ==> [/autofs/nccs-svm1_sw/andes/gcc/9.3.0/lib/gcc]
  collapse library dir [/autofs/nccs-svm1_sw/andes/gcc/9.3.0/bin/../lib/gcc/x86_64-pc-linux-gnu/9.3.0/../../../../lib64] ==> [/autofs/nccs-svm1_sw/andes/gcc/9.3.0/lib64]
  collapse library dir [/lib/../lib64] ==> [/lib64]
  collapse library dir [/usr/lib/../lib64] ==> [/usr/lib64]
  collapse library dir [/sw/andes/spack-envs/base/opt/linux-rhel8-x86_64/gcc-9.3.0/openmpi-4.0.4-skxqfeiocc5jtuw3y6dwtnxzzqjp5ffs/lib] ==> [/sw/andes/spack-envs/base/opt/linux-rhel8-x86_64/gcc-9.3.0/openmpi-4.0.4-skxqfeiocc5jtuw3y6dwtnxzzqjp5ffs/lib]
  collapse library dir [/autofs/nccs-svm1_sw/andes/gcc/9.3.0/bin/../lib/gcc/x86_64-pc-linux-gnu/9.3.0/../../..] ==> [/autofs/nccs-svm1_sw/andes/gcc/9.3.0/lib]
  implicit libs: [stdc++;m;gcc_s;gcc;c;gcc_s;gcc]
  implicit objs: [/lib64/crt1.o;/lib64/crti.o;/autofs/nccs-svm1_sw/andes/gcc/9.3.0/lib/gcc/x86_64-pc-linux-gnu/9.3.0/crtbegin.o;/autofs/nccs-svm1_sw/andes/gcc/9.3.0/lib/gcc/x86_64-pc-linux-gnu/9.3.0/crtend.o;/lib64/crtn.o]
  implicit dirs: [/autofs/nccs-svm1_sw/andes/gcc/9.3.0/lib/gcc/x86_64-pc-linux-gnu/9.3.0;/autofs/nccs-svm1_sw/andes/gcc/9.3.0/lib/gcc;/autofs/nccs-svm1_sw/andes/gcc/9.3.0/lib64;/lib64;/usr/lib64;/sw/andes/spack-envs/base/opt/linux-rhel8-x86_64/gcc-9.3.0/openmpi-4.0.4-skxqfeiocc5jtuw3y6dwtnxzzqjp5ffs/lib;/autofs/nccs-svm1_sw/andes/gcc/9.3.0/lib]
  implicit fwks: []


